  ModuleWindow.cpp
c:\users\jaumesv1\documents\github\sdl-0.1\application.h(33): error C2086: 'ModuleFadeToBlack *Application::fading': redefinition
  c:\users\jaumesv1\documents\github\sdl-0.1\application.h(30): note: see declaration of 'Application::fading'
c:\users\jaumesv1\documents\github\sdl-0.1\application.h(34): error C2086: 'ModuleIntro *Application::intro': redefinition
  c:\users\jaumesv1\documents\github\sdl-0.1\application.h(31): note: see declaration of 'Application::intro'
  ModuleTextures.cpp
c:\users\jaumesv1\documents\github\sdl-0.1\application.h(33): error C2086: 'ModuleFadeToBlack *Application::fading': redefinition
  c:\users\jaumesv1\documents\github\sdl-0.1\application.h(30): note: see declaration of 'Application::fading'
c:\users\jaumesv1\documents\github\sdl-0.1\application.h(34): error C2086: 'ModuleIntro *Application::intro': redefinition
  c:\users\jaumesv1\documents\github\sdl-0.1\application.h(31): note: see declaration of 'Application::intro'
c:\users\jaumesv1\documents\github\sdl-0.1\moduletextures.cpp(45): warning C4018: '<=': signed/unsigned mismatch
  ModuleSceneCastle.cpp
c:\users\jaumesv1\documents\github\sdl-0.1\modulescenecastle.cpp : fatal error C1041: cannot open program database 'C:\Users\jaumesv1\Documents\GitHub\SDL-0.1\Debug\vc140.idb'; if multiple CL.EXE write to the same .PDB file, please use /FS
  ModuleRender.cpp
c:\users\jaumesv1\documents\github\sdl-0.1\application.h(33): error C2086: 'ModuleFadeToBlack *Application::fading': redefinition
  c:\users\jaumesv1\documents\github\sdl-0.1\application.h(30): note: see declaration of 'Application::fading'
c:\users\jaumesv1\documents\github\sdl-0.1\application.h(34): error C2086: 'ModuleIntro *Application::intro': redefinition
  c:\users\jaumesv1\documents\github\sdl-0.1\application.h(31): note: see declaration of 'Application::intro'
  ModuleIntro.cpp
c:\users\jaumesv1\documents\github\sdl-0.1\application.h(33): error C2086: 'ModuleFadeToBlack *Application::fading': redefinition
  c:\users\jaumesv1\documents\github\sdl-0.1\application.h(30): note: see declaration of 'Application::fading'
c:\users\jaumesv1\documents\github\sdl-0.1\application.h(34): error C2086: 'ModuleIntro *Application::intro': redefinition
  c:\users\jaumesv1\documents\github\sdl-0.1\application.h(31): note: see declaration of 'Application::intro'
  ModuleInput.cpp
c:\users\jaumesv1\documents\github\sdl-0.1\application.h(33): error C2086: 'ModuleFadeToBlack *Application::fading': redefinition
  c:\users\jaumesv1\documents\github\sdl-0.1\application.h(30): note: see declaration of 'Application::fading'
c:\users\jaumesv1\documents\github\sdl-0.1\application.h(34): error C2086: 'ModuleIntro *Application::intro': redefinition
  c:\users\jaumesv1\documents\github\sdl-0.1\application.h(31): note: see declaration of 'Application::intro'
  ModuleFadetoBlack.cpp
c:\users\jaumesv1\documents\github\sdl-0.1\application.h(33): error C2086: 'ModuleFadeToBlack *Application::fading': redefinition
  c:\users\jaumesv1\documents\github\sdl-0.1\application.h(30): note: see declaration of 'Application::fading'
c:\users\jaumesv1\documents\github\sdl-0.1\application.h(34): error C2086: 'ModuleIntro *Application::intro': redefinition
  c:\users\jaumesv1\documents\github\sdl-0.1\application.h(31): note: see declaration of 'Application::intro'
  ModuleAudio.cpp
c:\users\jaumesv1\documents\github\sdl-0.1\application.h(33): error C2086: 'ModuleFadeToBlack *Application::fading': redefinition
  c:\users\jaumesv1\documents\github\sdl-0.1\application.h(30): note: see declaration of 'Application::fading'
c:\users\jaumesv1\documents\github\sdl-0.1\application.h(34): error C2086: 'ModuleIntro *Application::intro': redefinition
  c:\users\jaumesv1\documents\github\sdl-0.1\application.h(31): note: see declaration of 'Application::intro'
  Main.cpp
c:\users\jaumesv1\documents\github\sdl-0.1\application.h(33): error C2086: 'ModuleFadeToBlack *Application::fading': redefinition
  c:\users\jaumesv1\documents\github\sdl-0.1\application.h(30): note: see declaration of 'Application::fading'
c:\users\jaumesv1\documents\github\sdl-0.1\application.h(34): error C2086: 'ModuleIntro *Application::intro': redefinition
  c:\users\jaumesv1\documents\github\sdl-0.1\application.h(31): note: see declaration of 'Application::intro'
  Application.cpp
c:\users\jaumesv1\documents\github\sdl-0.1\application.h(33): error C2086: 'ModuleFadeToBlack *Application::fading': redefinition
  c:\users\jaumesv1\documents\github\sdl-0.1\application.h(30): note: see declaration of 'Application::fading'
c:\users\jaumesv1\documents\github\sdl-0.1\application.h(34): error C2086: 'ModuleIntro *Application::intro': redefinition
  c:\users\jaumesv1\documents\github\sdl-0.1\application.h(31): note: see declaration of 'Application::intro'
  Generating Code...
